[INFO ] 2024-02-03 20:20:26.303 [main] Store - ........url opened........
[INFO ] 2024-02-03 20:20:26.371 [main] Store - veriyfUserCreationAndLogin test executed started........
[INFO ] 2024-02-03 20:20:27.692 [main] Store - Clicked on sign in linked.......
[INFO ] 2024-02-03 20:20:29.864 [main] Store - Enter email address 
[INFO ] 2024-02-03 20:20:29.946 [main] Store - Click on submit button
[INFO ] 2024-02-03 20:20:33.223 [main] Store - .........verifyLogin test executed started........
[INFO ] 2024-02-03 20:20:34.228 [main] Store - Clicked on sign in linked.......
[INFO ] 2024-02-03 20:20:36.499 [main] Store - Enter emial address......
[INFO ] 2024-02-03 20:20:36.583 [main] Store - Enter password.....
[INFO ] 2024-02-03 20:20:37.779 [main] Store - Clicked on signin
[INFO ] 2024-02-03 20:20:39.892 [main] Store - verify login - Passed
[INFO ] 2024-02-03 20:20:43.096 [main] Store - .........verifyLogin test end........
[INFO ] 2024-02-03 20:20:43.111 [main] Store - ................verifySignOut Test Case start.................
[INFO ] 2024-02-03 20:20:44.732 [main] Store - Clicked on sign in linked.......
[INFO ] 2024-02-03 20:20:46.857 [main] Store - Enter emial address......
[INFO ] 2024-02-03 20:20:46.959 [main] Store - Enter password.....
[INFO ] 2024-02-03 20:20:48.500 [main] Store - Clicked on signin
[INFO ] 2024-02-03 20:20:53.063 [main] Store - Verify sign out - PASSED
[INFO ] 2024-02-03 20:20:53.063 [main] Store - ...............verifySignOut Test Case start................
[INFO ] 2024-02-03 20:21:03.243 [main] Store - ........url opened........
[INFO ] 2024-02-03 20:21:03.249 [main] Store - verifySearchProduct test executed started........
[INFO ] 2024-02-03 20:21:04.583 [main] Store - Clicked on sign in linked.......
[INFO ] 2024-02-03 20:21:04.819 [main] Store - Enter emial address......
[INFO ] 2024-02-03 20:21:04.972 [main] Store - Enter password.....
[INFO ] 2024-02-03 20:21:06.155 [main] Store - Clicked on signin
[INFO ] 2024-02-03 20:21:08.268 [main] Store - Enter T shirt data on search box
[INFO ] 2024-02-03 20:21:08.860 [main] Store - Clicked on search button
[INFO ] 2024-02-03 20:21:11.006 [main] Store - search product test passed 
[INFO ] 2024-02-03 20:21:14.144 [main] Store - VerifyBuyProduct test executed started........
[INFO ] 2024-02-03 20:21:15.031 [main] Store - Clicked on sign in linked.......
[INFO ] 2024-02-03 20:21:15.175 [main] Store - Enter emial address......
[INFO ] 2024-02-03 20:21:15.350 [main] Store - Enter password.....
[INFO ] 2024-02-03 20:21:16.389 [main] Store - Clicked on signin
[INFO ] 2024-02-03 20:21:18.671 [main] Store - Enter T-Shirt value on search box
[INFO ] 2024-02-03 20:21:19.367 [main] Store - Clicked on serch button
[INFO ] 2024-02-03 20:21:28.134 [main] Store - Clicked on more button
[INFO ] 2024-02-03 20:21:30.391 [main] Store - Enter size = M
[INFO ] 2024-02-03 20:21:30.777 [main] Store - Enter quantity = 2
[INFO ] 2024-02-03 20:21:30.850 [main] Store - Clicked on Add To Cart button
[INFO ] 2024-02-03 20:21:32.575 [main] Store - Clicked on Proceed button in product page
[INFO ] 2024-02-03 20:21:36.015 [main] Store - Clicked on Proceed To Checkout button in order summary page
[INFO ] 2024-02-03 20:21:39.335 [main] Store - Click on Proceed To Checkout button in Order Address page
[INFO ] 2024-02-03 20:21:41.539 [main] Store - Click on Proceed To Checkout button in Order shipping page
[INFO ] 2024-02-03 20:21:42.105 [main] Store - Click on Proceed To Checkout button in Order shipping page
[INFO ] 2024-02-03 20:21:44.869 [main] Store - Click on Pay By Chrck in order payement page 
[INFO ] 2024-02-03 20:21:53.744 [main] Store - Click on I confirm my order in confirmation page  
[INFO ] 2024-02-03 20:21:53.775 [main] Store - Verify buy product - PASSED
[INFO ] 2024-02-03 20:21:58.635 [main] Store - VerifyBuyProduct test End........
[INFO ] 2024-02-03 20:23:59.115 [main] Store - ........url opened........
[INFO ] 2024-02-03 20:23:59.155 [main] Store - veriyfUserCreationAndLogin test executed started........
[INFO ] 2024-02-03 20:24:00.514 [main] Store - Clicked on sign in linked.......
[INFO ] 2024-02-03 20:24:02.662 [main] Store - Enter email address 
[INFO ] 2024-02-03 20:24:02.741 [main] Store - Click on submit button
[INFO ] 2024-02-03 20:24:05.005 [main] Store - Select title 
[INFO ] 2024-02-03 20:24:05.283 [main] Store - Enter first name 
[INFO ] 2024-02-03 20:24:05.380 [main] Store - Enter last naame
[INFO ] 2024-02-03 20:24:05.461 [main] Store - Enter password
[INFO ] 2024-02-03 20:24:05.536 [main] Store - Click on news latter
[INFO ] 2024-02-03 20:24:11.955 [main] Store - Clicked registration button
[INFO ] 2024-02-03 20:24:14.815 [main] Store - clickOnAddMyAddress
[INFO ] 2024-02-03 20:24:17.098 [main] Store - Enter company 
[INFO ] 2024-02-03 20:24:17.188 [main] Store - Enter address
[INFO ] 2024-02-03 20:24:17.266 [main] Store - Enter street
[INFO ] 2024-02-03 20:24:17.363 [main] Store - Enter city
[INFO ] 2024-02-03 20:24:17.539 [main] Store - Enter state
[INFO ] 2024-02-03 20:24:17.613 [main] Store - Enter Zip code
[INFO ] 2024-02-03 20:24:17.719 [main] Store - Enter country
[INFO ] 2024-02-03 20:24:17.795 [main] Store - Enter home phone number
[INFO ] 2024-02-03 20:24:17.872 [main] Store - Enter persnol phone number
[INFO ] 2024-02-03 20:24:17.963 [main] Store - Enter additinol information
[INFO ] 2024-02-03 20:24:18.114 [main] Store - Enter adress title
[INFO ] 2024-02-03 20:24:20.096 [main] Store - Clicked on save button
[INFO ] 2024-02-03 20:24:21.310 [main] Store - Click on home button
[INFO ] 2024-02-03 20:24:23.429 [main] Store - Verify user is validate or not
[INFO ] 2024-02-03 20:24:25.116 [main] Store - ......veriyfUserCreationAndLogin test end.......
[INFO ] 2024-02-03 20:24:25.142 [main] Store - .........verifyLogin test executed started........
[INFO ] 2024-02-03 20:24:26.407 [main] Store - Clicked on sign in linked.......
[INFO ] 2024-02-03 20:24:28.720 [main] Store - Enter emial address......
[INFO ] 2024-02-03 20:24:28.803 [main] Store - Enter password.....
[INFO ] 2024-02-03 20:24:30.380 [main] Store - Clicked on signin
[INFO ] 2024-02-03 20:24:32.463 [main] Store - verify login - Passed
[INFO ] 2024-02-03 20:24:35.905 [main] Store - .........verifyLogin test end........
[INFO ] 2024-02-03 20:24:35.926 [main] Store - ................verifySignOut Test Case start.................
[INFO ] 2024-02-03 20:24:37.539 [main] Store - Clicked on sign in linked.......
[INFO ] 2024-02-03 20:24:39.838 [main] Store - Enter emial address......
[INFO ] 2024-02-03 20:24:39.941 [main] Store - Enter password.....
[INFO ] 2024-02-03 20:24:40.944 [main] Store - Clicked on signin
[INFO ] 2024-02-03 20:24:44.477 [main] Store - Verify sign out - PASSED
[INFO ] 2024-02-03 20:24:44.478 [main] Store - ...............verifySignOut Test Case start................
[INFO ] 2024-02-03 20:24:55.642 [main] Store - ........url opened........
[INFO ] 2024-02-03 20:24:55.662 [main] Store - verifySearchProduct test executed started........
[INFO ] 2024-02-03 20:24:57.924 [main] Store - Clicked on sign in linked.......
[INFO ] 2024-02-03 20:24:58.044 [main] Store - Enter emial address......
[INFO ] 2024-02-03 20:24:58.151 [main] Store - Enter password.....
[INFO ] 2024-02-03 20:24:59.309 [main] Store - Clicked on signin
[INFO ] 2024-02-03 20:25:01.570 [main] Store - Enter T shirt data on search box
[INFO ] 2024-02-03 20:25:02.119 [main] Store - Clicked on search button
[INFO ] 2024-02-03 20:25:04.230 [main] Store - search product test passed 
[INFO ] 2024-02-03 20:25:07.545 [main] Store - VerifyBuyProduct test executed started........
[INFO ] 2024-02-03 20:25:08.825 [main] Store - Clicked on sign in linked.......
[INFO ] 2024-02-03 20:25:09.154 [main] Store - Enter emial address......
[INFO ] 2024-02-03 20:25:09.233 [main] Store - Enter password.....
[INFO ] 2024-02-03 20:25:10.303 [main] Store - Clicked on signin
[INFO ] 2024-02-03 20:25:12.550 [main] Store - Enter T-Shirt value on search box
[INFO ] 2024-02-03 20:25:13.106 [main] Store - Clicked on serch button
[INFO ] 2024-02-03 20:25:19.524 [main] Store - Clicked on more button
[INFO ] 2024-02-03 20:25:21.767 [main] Store - Enter size = M
[INFO ] 2024-02-03 20:25:22.178 [main] Store - Enter quantity = 2
[INFO ] 2024-02-03 20:25:22.277 [main] Store - Clicked on Add To Cart button
[INFO ] 2024-02-03 20:25:23.860 [main] Store - Clicked on Proceed button in product page
[INFO ] 2024-02-03 20:25:27.913 [main] Store - Clicked on Proceed To Checkout button in order summary page
[INFO ] 2024-02-03 20:25:32.617 [main] Store - Click on Proceed To Checkout button in Order Address page
[INFO ] 2024-02-03 20:25:34.829 [main] Store - Click on Proceed To Checkout button in Order shipping page
[INFO ] 2024-02-03 20:25:36.207 [main] Store - Click on Proceed To Checkout button in Order shipping page
[INFO ] 2024-02-03 20:25:39.166 [main] Store - Click on Pay By Chrck in order payement page 
[INFO ] 2024-02-03 20:25:48.047 [main] Store - Click on I confirm my order in confirmation page  
[INFO ] 2024-02-03 20:25:48.087 [main] Store - Verify buy product - PASSED
[INFO ] 2024-02-03 20:25:53.447 [main] Store - VerifyBuyProduct test End........
